0 info it worked if it ends with ok
1 verbose cli [ 'node', '/usr/local/bin/npm', 'i', 'octave' ]
2 info using npm@1.4.16
3 info using node@v0.10.21
4 verbose cache add [ 'octave', null ]
5 verbose cache add name=undefined spec="octave" args=["octave",null]
6 verbose parsed url { protocol: null,
6 verbose parsed url   slashes: null,
6 verbose parsed url   auth: null,
6 verbose parsed url   host: null,
6 verbose parsed url   port: null,
6 verbose parsed url   hostname: null,
6 verbose parsed url   hash: null,
6 verbose parsed url   search: null,
6 verbose parsed url   query: null,
6 verbose parsed url   pathname: 'octave',
6 verbose parsed url   path: 'octave',
6 verbose parsed url   href: 'octave' }
7 silly lockFile eeb9f880-octave octave
8 verbose lock octave /Users/xanderjanz/.npm/eeb9f880-octave.lock
9 silly lockFile eeb9f880-octave octave
10 silly lockFile eeb9f880-octave octave
11 verbose addNamed [ 'octave', '' ]
12 verbose addNamed [ null, '*' ]
13 silly lockFile dc3408aa-octave octave@
14 verbose lock octave@ /Users/xanderjanz/.npm/dc3408aa-octave.lock
15 silly addNameRange { name: 'octave', range: '*', hasData: false }
16 verbose request where is /octave
17 verbose request registry https://registry.npmjs.org/
18 verbose request id e9be734921c81e0e
19 verbose url raw /octave
20 verbose url resolving [ 'https://registry.npmjs.org/', './octave' ]
21 verbose url resolved https://registry.npmjs.org/octave
22 verbose request where is https://registry.npmjs.org/octave
23 info trying registry request attempt 1 at 11:47:21
24 http GET https://registry.npmjs.org/octave
25 http 404 https://registry.npmjs.org/octave
26 verbose headers { date: 'Tue, 04 Nov 2014 19:47:21 GMT',
26 verbose headers   server: 'CouchDB/1.5.0 (Erlang OTP/R16B03)',
26 verbose headers   'content-type': 'application/json',
26 verbose headers   'cache-control': 'max-age=0',
26 verbose headers   'content-length': '52',
26 verbose headers   'accept-ranges': 'bytes',
26 verbose headers   via: '1.1 varnish',
26 verbose headers   age: '0',
26 verbose headers   'x-served-by': 'cache-lax1427-LAX',
26 verbose headers   'x-cache': 'MISS',
26 verbose headers   'x-cache-hits': '0',
26 verbose headers   'x-timer': 'S1415130441.844062,VS0,VE43',
26 verbose headers   'keep-alive': 'timeout=10, max=50',
26 verbose headers   connection: 'Keep-Alive' }
27 silly registry.get cb [ 404,
27 silly registry.get   { date: 'Tue, 04 Nov 2014 19:47:21 GMT',
27 silly registry.get     server: 'CouchDB/1.5.0 (Erlang OTP/R16B03)',
27 silly registry.get     'content-type': 'application/json',
27 silly registry.get     'cache-control': 'max-age=0',
27 silly registry.get     'content-length': '52',
27 silly registry.get     'accept-ranges': 'bytes',
27 silly registry.get     via: '1.1 varnish',
27 silly registry.get     age: '0',
27 silly registry.get     'x-served-by': 'cache-lax1427-LAX',
27 silly registry.get     'x-cache': 'MISS',
27 silly registry.get     'x-cache-hits': '0',
27 silly registry.get     'x-timer': 'S1415130441.844062,VS0,VE43',
27 silly registry.get     'keep-alive': 'timeout=10, max=50',
27 silly registry.get     connection: 'Keep-Alive' } ]
28 silly lockFile dc3408aa-octave octave@
29 silly lockFile dc3408aa-octave octave@
30 error 404 404 Not Found: octave
30 error 404
30 error 404 'octave' is not in the npm registry.
30 error 404 You should bug the author to publish it
30 error 404
30 error 404 Note that you can also install from a
30 error 404 tarball, folder, or http url, or git url.
31 error System Darwin 13.4.0
32 error command "node" "/usr/local/bin/npm" "i" "octave"
33 error cwd /Users/xanderjanz/machine_learning/bitcoin_oracle/scripts
34 error node -v v0.10.21
35 error npm -v 1.4.16
36 error code E404
37 verbose exit [ 1, true ]
